<?xml version="1.0" encoding="UTF-8"?>
<!-- Generated by org.testng.reporters.JUnitReportReporter -->
<testsuite hostname="DESKTOP-HD6R10L" name="com.bitm.newtours.test.HomeTest" tests="2" failures="0" timestamp="10 May 2017 11:42:37 GMT" time="54.427" errors="0">
  <testcase name="checkLogin" time="10.225" classname="com.bitm.newtours.test.HomeTest"/>
  <testcase name="checkHomePageTitle" time="44.202" classname="com.bitm.newtours.test.HomeTest"/>
</testsuite> <!-- com.bitm.newtours.test.HomeTest -->
