<?xml version="1.0" encoding="UTF-8"?>
<!-- Generated by org.testng.reporters.JUnitReportReporter -->
<testsuite hostname="DESKTOP-HD6R10L" name="com.bitm.newtours.test.SelectFlightTest" tests="2" failures="0" timestamp="10 May 2017 11:42:37 GMT" time="2.213" errors="0">
  <testcase name="checkSelectFlightPageTitle" time="1.732" classname="com.bitm.newtours.test.SelectFlightTest"/>
  <testcase name="checkSelectFlight" time="0.481" classname="com.bitm.newtours.test.SelectFlightTest"/>
</testsuite> <!-- com.bitm.newtours.test.SelectFlightTest -->
