<?xml version="1.0" encoding="UTF-8"?>
<!-- Generated by org.testng.reporters.JUnitReportReporter -->
<testsuite hostname="DESKTOP-HD6R10L" name="com.bitm.newtours.test.FindFlightTest" tests="2" failures="0" timestamp="10 May 2017 11:42:37 GMT" time="10.610" errors="0">
  <testcase name="checkFlightFindPageTitle" time="5.510" classname="com.bitm.newtours.test.FindFlightTest"/>
  <testcase name="checkFlightDetails" time="5.100" classname="com.bitm.newtours.test.FindFlightTest"/>
</testsuite> <!-- com.bitm.newtours.test.FindFlightTest -->
