<?xml version="1.0" encoding="UTF-8"?>
<!-- Generated by org.testng.reporters.JUnitReportReporter -->
<testsuite hostname="DESKTOP-HD6R10L" name="com.bitm.newtours.test.FindFlightTest" tests="2" failures="0" timestamp="18 Apr 2017 13:49:20 GMT" time="5.959" errors="0">
  <testcase name="checkFlightFindPageTitle" time="3.204" classname="com.bitm.newtours.test.FindFlightTest"/>
  <testcase name="checkFlightDetails" time="2.755" classname="com.bitm.newtours.test.FindFlightTest"/>
</testsuite> <!-- com.bitm.newtours.test.FindFlightTest -->
