<?xml version="1.0" encoding="UTF-8"?>
<!-- Generated by org.testng.reporters.JUnitReportReporter -->
<testsuite hostname="DESKTOP-HD6R10L" name="com.bitm.newtours.test.BookFlightTest" tests="2" failures="0" timestamp="18 Apr 2017 13:49:20 GMT" time="1.621" errors="0">
  <testcase name="checkBookFlight" time="1.054" classname="com.bitm.newtours.test.BookFlightTest"/>
  <testcase name="checkBookFlightPageTitle" time="0.567" classname="com.bitm.newtours.test.BookFlightTest"/>
</testsuite> <!-- com.bitm.newtours.test.BookFlightTest -->
