<?xml version="1.0" encoding="UTF-8"?>
<!-- Generated by org.testng.reporters.JUnitReportReporter -->
<testsuite hostname="DESKTOP-HD6R10L" name="com.bitm.newtours.test.HomeTest" tests="2" failures="0" timestamp="18 Apr 2017 13:49:20 GMT" time="11.307" errors="0">
  <testcase name="checkHomePageTitle" time="7.800" classname="com.bitm.newtours.test.HomeTest"/>
  <testcase name="checkLogin" time="3.507" classname="com.bitm.newtours.test.HomeTest"/>
</testsuite> <!-- com.bitm.newtours.test.HomeTest -->
