<?xml version="1.0" encoding="UTF-8"?>
<!-- Generated by org.testng.reporters.JUnitReportReporter -->
<testsuite hostname="DESKTOP-HD6R10L" name="com.bitm.newtours.test.HomeTest" tests="2" failures="0" timestamp="17 Apr 2017 12:41:25 GMT" time="12.091" errors="0">
  <testcase name="checkHomePageTitle" time="9.545" classname="com.bitm.newtours.test.HomeTest"/>
  <testcase name="checkLogin" time="2.546" classname="com.bitm.newtours.test.HomeTest"/>
</testsuite> <!-- com.bitm.newtours.test.HomeTest -->
