<?xml version="1.0" encoding="UTF-8"?>
<!-- Generated by org.testng.reporters.JUnitReportReporter -->
<testsuite hostname="DESKTOP-HD6R10L" name="com.bitm.newtours.test.BookFlightTest" tests="2" failures="0" timestamp="10 May 2017 11:42:37 GMT" time="4.059" errors="0">
  <testcase name="checkBookFlightPageTitle" time="2.333" classname="com.bitm.newtours.test.BookFlightTest"/>
  <testcase name="checkBookFlight" time="1.726" classname="com.bitm.newtours.test.BookFlightTest"/>
</testsuite> <!-- com.bitm.newtours.test.BookFlightTest -->
