<?xml version="1.0" encoding="UTF-8"?>
<!-- Generated by org.testng.reporters.JUnitReportReporter -->
<testsuite hostname="DESKTOP-HD6R10L" name="com.bitm.newtours.test.FindFlightTest" tests="2" failures="0" timestamp="17 Apr 2017 11:43:31 GMT" time="5.742" errors="0">
  <testcase name="checkFlightDetails" time="2.578" classname="com.bitm.newtours.test.FindFlightTest"/>
  <testcase name="checkTitle" time="3.164" classname="com.bitm.newtours.test.FindFlightTest"/>
</testsuite> <!-- com.bitm.newtours.test.FindFlightTest -->
