<?xml version="1.0" encoding="UTF-8"?>
<!-- Generated by org.testng.reporters.JUnitReportReporter -->
<testsuite hostname="DESKTOP-HD6R10L" name="com.bitm.newtours.test.SelectFlightTest" tests="2" failures="0" timestamp="18 Apr 2017 13:49:20 GMT" time="0.687" errors="0">
  <testcase name="checkSelectFlight" time="0.129" classname="com.bitm.newtours.test.SelectFlightTest"/>
  <testcase name="checkSelectFlightPageTitle" time="0.558" classname="com.bitm.newtours.test.SelectFlightTest"/>
</testsuite> <!-- com.bitm.newtours.test.SelectFlightTest -->
