<?xml version="1.0" encoding="UTF-8"?>
<!-- Generated by org.testng.reporters.JUnitReportReporter -->
<testsuite hostname="DESKTOP-HD6R10L" name="com.bitm.newtours.test.HomeTest" tests="2" failures="0" timestamp="17 Apr 2017 11:43:31 GMT" time="10.979" errors="0">
  <testcase name="checkTitle" time="8.168" classname="com.bitm.newtours.test.HomeTest"/>
  <testcase name="checkLogin" time="2.811" classname="com.bitm.newtours.test.HomeTest"/>
</testsuite> <!-- com.bitm.newtours.test.HomeTest -->
