<?xml version="1.0" encoding="UTF-8"?>
<!-- Generated by org.testng.reporters.JUnitReportReporter -->
<testsuite hostname="DESKTOP-HD6R10L" name="com.bitm.newtours.test.SelectFlightTest" tests="2" failures="0" timestamp="17 Apr 2017 12:41:25 GMT" time="0.685" errors="0">
  <testcase name="checkSelectFlightPageTitle" time="0.588" classname="com.bitm.newtours.test.SelectFlightTest"/>
  <testcase name="checkSelectFlight" time="0.097" classname="com.bitm.newtours.test.SelectFlightTest"/>
</testsuite> <!-- com.bitm.newtours.test.SelectFlightTest -->
