<?xml version="1.0" encoding="UTF-8"?>
<!-- Generated by org.testng.reporters.JUnitReportReporter -->
<testsuite hostname="DESKTOP-HD6R10L" name="com.bitm.newtours.TestngAnnotation2" tests="3" failures="0" timestamp="8 Apr 2017 07:33:20 GMT" time="0.011" errors="0">
  <testcase name="testCase1" time="0.002" classname="com.bitm.newtours.TestngAnnotation2"/>
  <testcase name="testCase2" time="0.003" classname="com.bitm.newtours.TestngAnnotation2"/>
  <testcase name="testmethod" time="0.006" classname="com.bitm.newtours.TestngAnnotation2"/>
</testsuite> <!-- com.bitm.newtours.TestngAnnotation2 -->
