<?xml version="1.0" encoding="UTF-8"?>
<!-- Generated by org.testng.reporters.JUnitReportReporter -->
<testsuite hostname="DESKTOP-HD6R10L" name="com.bitm.newtours.test.FindFlightTest" tests="2" failures="0" timestamp="17 Apr 2017 12:41:25 GMT" time="5.713" errors="0">
  <testcase name="checkFlightDetails" time="2.501" classname="com.bitm.newtours.test.FindFlightTest"/>
  <testcase name="checkFlightFindPageTitle" time="3.212" classname="com.bitm.newtours.test.FindFlightTest"/>
</testsuite> <!-- com.bitm.newtours.test.FindFlightTest -->
